2017-12-12 11:27:48,823 INFO o.a.j.u.JMeterUtils: Setting Locale to en_US
2017-12-12 11:27:48,871 INFO o.a.j.JMeter: Loading user properties from: user.properties
2017-12-12 11:27:48,873 INFO o.a.j.JMeter: Loading system properties from: system.properties
2017-12-12 11:27:48,887 INFO o.a.j.JMeter: Copyright (c) 1998-2017 The Apache Software Foundation
2017-12-12 11:27:48,887 INFO o.a.j.JMeter: Version 3.2 r1790748
2017-12-12 11:27:48,887 INFO o.a.j.JMeter: java.version=1.8.0_151
2017-12-12 11:27:48,887 INFO o.a.j.JMeter: java.vm.name=Java HotSpot(TM) 64-Bit Server VM
2017-12-12 11:27:48,888 INFO o.a.j.JMeter: os.name=Windows 7
2017-12-12 11:27:48,888 INFO o.a.j.JMeter: os.arch=amd64
2017-12-12 11:27:48,888 INFO o.a.j.JMeter: os.version=6.1
2017-12-12 11:27:48,888 INFO o.a.j.JMeter: file.encoding=Cp1252
2017-12-12 11:27:48,888 INFO o.a.j.JMeter: Max memory     =2377121792
2017-12-12 11:27:48,888 INFO o.a.j.JMeter: Available Processors =4
2017-12-12 11:27:48,938 INFO o.a.j.JMeter: Default Locale=English (United States)
2017-12-12 11:27:48,939 INFO o.a.j.JMeter: JMeter  Locale=English (United States)
2017-12-12 11:27:48,939 INFO o.a.j.JMeter: JMeterHome=D:\jmeter_3.2\apache-jmeter-3.2
2017-12-12 11:27:48,939 INFO o.a.j.JMeter: user.dir  =D:\jmeter_3.2\apache-jmeter-3.2\bin
2017-12-12 11:27:48,940 INFO o.a.j.JMeter: PWD       =D:\jmeter_3.2\apache-jmeter-3.2\bin
2017-12-12 11:27:48,942 INFO o.a.j.JMeter: IP: 10.110.11.10 Name: QA-MFAYADH FullName: QA-MFAYADH.aspire-services.org
2017-12-12 11:27:51,102 INFO o.a.j.g.a.LookAndFeelCommand: Using look and feel: javax.swing.plaf.metal.MetalLookAndFeel [Metal, CrossPlatform]
2017-12-12 11:27:51,126 INFO o.a.j.JMeter: Loaded icon properties from org/apache/jmeter/images/icon.properties
2017-12-12 11:27:52,989 INFO o.a.j.e.u.CompoundVariable: Note: Function class names must contain the string: '.functions.'
2017-12-12 11:27:52,989 INFO o.a.j.e.u.CompoundVariable: Note: Function class names must not contain the string: '.gui.'
2017-12-12 11:27:59,623 WARN o.j.r.Plugin: Unable to load class: com.atlantbh.jmeter.plugins.oauth.OAuthSampler
java.lang.NoClassDefFoundError: org/apache/jmeter/protocol/http/sampler/HTTPSampler2
	at java.lang.ClassLoader.defineClass1(Native Method) ~[?:1.8.0_151]
	at java.lang.ClassLoader.defineClass(Unknown Source) ~[?:1.8.0_151]
	at java.security.SecureClassLoader.defineClass(Unknown Source) ~[?:1.8.0_151]
	at java.net.URLClassLoader.defineClass(Unknown Source) ~[?:1.8.0_151]
	at java.net.URLClassLoader.access$100(Unknown Source) ~[?:1.8.0_151]
	at java.net.URLClassLoader$1.run(Unknown Source) ~[?:1.8.0_151]
	at java.net.URLClassLoader$1.run(Unknown Source) ~[?:1.8.0_151]
	at java.security.AccessController.doPrivileged(Native Method) ~[?:1.8.0_151]
	at java.net.URLClassLoader.findClass(Unknown Source) ~[?:1.8.0_151]
	at java.lang.ClassLoader.loadClass(Unknown Source) ~[?:1.8.0_151]
	at java.lang.ClassLoader.loadClass(Unknown Source) ~[?:1.8.0_151]
	at org.jmeterplugins.repository.Plugin.getJARPath(Plugin.java:181) [jmeter-plugins-manager-0.13.jar:?]
	at org.jmeterplugins.repository.Plugin.detectInstalledPlugin(Plugin.java:95) [jmeter-plugins-manager-0.13.jar:?]
	at org.jmeterplugins.repository.Plugin.detectInstalled(Plugin.java:84) [jmeter-plugins-manager-0.13.jar:?]
	at org.jmeterplugins.repository.PluginManager.load(PluginManager.java:61) [jmeter-plugins-manager-0.13.jar:?]
	at org.jmeterplugins.repository.PluginManagerMenuItem.<init>(PluginManagerMenuItem.java:28) [jmeter-plugins-manager-0.13.jar:?]
	at org.jmeterplugins.repository.PluginManagerMenuCreator.getMenuItemsAtLocation(PluginManagerMenuCreator.java:22) [jmeter-plugins-manager-0.13.jar:?]
	at org.apache.jmeter.gui.util.JMeterMenuBar.addPluginsMenuItems(JMeterMenuBar.java:594) [ApacheJMeter_core.jar:3.2 r1790748]
	at org.apache.jmeter.gui.util.JMeterMenuBar.makeOptionsMenu(JMeterMenuBar.java:370) [ApacheJMeter_core.jar:3.2 r1790748]
	at org.apache.jmeter.gui.util.JMeterMenuBar.createMenuBar(JMeterMenuBar.java:268) [ApacheJMeter_core.jar:3.2 r1790748]
	at org.apache.jmeter.gui.util.JMeterMenuBar.<init>(JMeterMenuBar.java:164) [ApacheJMeter_core.jar:3.2 r1790748]
	at org.apache.jmeter.gui.MainFrame.init(MainFrame.java:510) [ApacheJMeter_core.jar:3.2 r1790748]
	at org.apache.jmeter.gui.MainFrame.<init>(MainFrame.java:240) [ApacheJMeter_core.jar:3.2 r1790748]
	at org.apache.jmeter.JMeter.startGui(JMeter.java:375) [ApacheJMeter_core.jar:3.2 r1790748]
	at org.apache.jmeter.JMeter.start(JMeter.java:519) [ApacheJMeter_core.jar:3.2 r1790748]
	at sun.reflect.NativeMethodAccessorImpl.invoke0(Native Method) ~[?:1.8.0_151]
	at sun.reflect.NativeMethodAccessorImpl.invoke(Unknown Source) ~[?:1.8.0_151]
	at sun.reflect.DelegatingMethodAccessorImpl.invoke(Unknown Source) ~[?:1.8.0_151]
	at java.lang.reflect.Method.invoke(Unknown Source) ~[?:1.8.0_151]
	at org.apache.jmeter.NewDriver.main(NewDriver.java:248) [ApacheJMeter.jar:3.2 r1790748]
Caused by: java.lang.ClassNotFoundException: org.apache.jmeter.protocol.http.sampler.HTTPSampler2
	at java.net.URLClassLoader.findClass(Unknown Source) ~[?:1.8.0_151]
	at java.lang.ClassLoader.loadClass(Unknown Source) ~[?:1.8.0_151]
	at java.lang.ClassLoader.loadClass(Unknown Source) ~[?:1.8.0_151]
	... 30 more
2017-12-12 11:27:59,878 INFO o.j.r.PluginManager: Plugins Status: [jpgc-graphs-basic=2.0, jpgc-graphs-additional=2.0, jpgc-autostop=0.1, blazemeter-debugger=0.3, jpgc-sense=2.4, netflix-cassandra=0.2-SNAPSHOT, jpgc-cmd=2.1, jpgc-graphs-composite=2.0, jpgc-csl=0.1, jpgc-functions=2.0, custom-soap=1.3, jpgc-casutg=2.1, jpgc-dbmon=0.1, jpgc-directory-listing=0.1, jpgc-graphs-dist=2.0, jpgc-dummy=0.2, jpgc-filterresults=2.1, jpgc-ffw=2.0, jpgc-ggl=2.0, jpgc-httpraw=0.1, jpgc-sts=2.2, jpgc-hadoop=2.0, jpgc-fifo=0.2, jpgc-jms=0.2, jpgc-jmxmon=0.2, jpgc-json=2.6, jpgc-graphs-vs=2.0, kafkameter=0.2.0, jpgc-lockfile=0.1, mqtt-sampler=0.0.1-SNAPSHOT, jpgc-mergeresults=2.1, jpgc-pde=0.1, jpgc-prmctl=0.3, jpgc-perfmon=2.1, jpgc-plugins-manager=0.13, jpgc-redis=0.2, jpgc-rotating-listener=0.1, ssh-sampler=1.1.1-SNAPSHOT, jpgc-webdriver=1.4.0, jpgc-synthesis=2.1, jpgc-plancheck=2.2, jpgc-tst=2.0, jpgc-udp=0.3, jpgc-csvars=0.1, tilln-wssecurity=1.2, websocket-sampler=1.0.2-SNAPSHOT, websocket-samplers=0.7.3, jpgc-wsc=0.1, jpgc-xml=0.1, jpgc-xmpp=1.5.1, jmeter-core=3.2, jmeter-ftp=3.2, jmeter-http=3.2, jmeter-jdbc=3.2, jmeter-jms=3.2, jmeter-junit=3.2, jmeter-java=3.2, jmeter-ldap=3.2, jmeter-mail=3.2, jmeter-mongodb=3.2, jmeter-native=3.2, jmeter-tcp=3.2, jmeter-components=3.2, jpgc-standard=2.0]
2017-12-12 11:28:02,295 WARN o.a.j.g.ObjectTableModel: Header count=13 but classes count=11
2017-12-12 11:28:02,295 WARN o.a.j.g.ObjectTableModel: Header count=13 but writeFunctor count=11
2017-12-12 11:28:02,587 INFO o.a.j.g.u.MenuFactory: Skipping org.apache.jmeter.assertions.BSFAssertion
2017-12-12 11:28:02,698 INFO o.a.j.g.u.MenuFactory: Skipping org.apache.jmeter.extractor.BSFPostProcessor
2017-12-12 11:28:02,735 INFO o.a.j.g.u.MenuFactory: Skipping org.apache.jmeter.modifiers.BSFPreProcessor
2017-12-12 11:28:02,777 INFO o.a.j.p.h.s.HTTPSamplerBase: Parser for text/html is org.apache.jmeter.protocol.http.parser.LagartoBasedHtmlParser
2017-12-12 11:28:02,777 INFO o.a.j.p.h.s.HTTPSamplerBase: Parser for application/xhtml+xml is org.apache.jmeter.protocol.http.parser.LagartoBasedHtmlParser
2017-12-12 11:28:02,777 INFO o.a.j.p.h.s.HTTPSamplerBase: Parser for application/xml is org.apache.jmeter.protocol.http.parser.LagartoBasedHtmlParser
2017-12-12 11:28:02,777 INFO o.a.j.p.h.s.HTTPSamplerBase: Parser for text/xml is org.apache.jmeter.protocol.http.parser.LagartoBasedHtmlParser
2017-12-12 11:28:02,777 INFO o.a.j.p.h.s.HTTPSamplerBase: Parser for text/vnd.wap.wml is org.apache.jmeter.protocol.http.parser.RegexpHTMLParser
2017-12-12 11:28:02,778 INFO o.a.j.p.h.s.HTTPSamplerBase: Parser for text/css is org.apache.jmeter.protocol.http.parser.CssParser
2017-12-12 11:28:03,545 INFO o.a.j.e.KeyToolUtils: keytool found at 'keytool'
2017-12-12 11:28:03,546 INFO o.a.j.p.h.p.ProxyControl: HTTP(S) Test Script Recorder SSL Proxy will use keys that support embedded 3rd party resources in file D:\jmeter_3.2\apache-jmeter-3.2\bin\proxyserver.jks
2017-12-12 11:28:03,681 INFO o.a.j.g.u.MenuFactory: Skipping org.apache.jmeter.protocol.java.sampler.BSFSampler
2017-12-12 11:28:03,737 INFO o.a.j.s.FileServer: Default base='D:\jmeter_3.2\apache-jmeter-3.2\bin'
2017-12-12 11:28:03,968 INFO o.a.j.g.u.MenuFactory: Skipping org.apache.jmeter.protocol.mongodb.config.MongoSourceElement
2017-12-12 11:28:03,969 INFO o.a.j.g.u.MenuFactory: Skipping org.apache.jmeter.protocol.mongodb.sampler.MongoScriptSampler
2017-12-12 11:28:03,971 WARN o.a.j.u.JMeterUtils: ERROR! Resource string not found: [mqtt_qos]
2017-12-12 11:28:03,971 WARN o.a.j.u.JMeterUtils: ERROR! Resource string not found: [mqtt_at_most_once]
2017-12-12 11:28:03,971 WARN o.a.j.u.JMeterUtils: ERROR! Resource string not found: [mqtt_at_least_once]
2017-12-12 11:28:03,971 WARN o.a.j.u.JMeterUtils: ERROR! Resource string not found: [mqtt_exactly_once]
2017-12-12 11:28:03,971 WARN o.a.j.u.JMeterUtils: ERROR! Resource string not found: [mqtt_client_types]
2017-12-12 11:28:03,971 WARN o.a.j.u.JMeterUtils: ERROR! Resource string not found: [mqtt_blocking_client]
2017-12-12 11:28:03,971 WARN o.a.j.u.JMeterUtils: ERROR! Resource string not found: [mqtt_async_client]
2017-12-12 11:28:03,972 WARN o.a.j.u.JMeterUtils: ERROR! Resource string not found: [mqtt_message_input_type]
2017-12-12 11:28:03,972 WARN o.a.j.u.JMeterUtils: ERROR! Resource string not found: [mqtt_message_input_type_text]
2017-12-12 11:28:03,972 WARN o.a.j.u.JMeterUtils: ERROR! Resource string not found: [mqtt_message_input_type_file]
2017-12-12 11:28:03,994 WARN o.a.j.u.JMeterUtils: ERROR! Resource string not found: [mqtt_qos]
2017-12-12 11:28:03,994 WARN o.a.j.u.JMeterUtils: ERROR! Resource string not found: [mqtt_at_most_once]
2017-12-12 11:28:03,994 WARN o.a.j.u.JMeterUtils: ERROR! Resource string not found: [mqtt_at_least_once]
2017-12-12 11:28:03,994 WARN o.a.j.u.JMeterUtils: ERROR! Resource string not found: [mqtt_exactly_once]
2017-12-12 11:28:03,994 WARN o.a.j.u.JMeterUtils: ERROR! Resource string not found: [mqtt_client_types]
2017-12-12 11:28:03,994 WARN o.a.j.u.JMeterUtils: ERROR! Resource string not found: [mqtt_blocking_client]
2017-12-12 11:28:03,995 WARN o.a.j.u.JMeterUtils: ERROR! Resource string not found: [mqtt_async_client]
2017-12-12 11:28:04,569 INFO o.a.j.g.u.MenuFactory: Skipping org.apache.jmeter.timers.BSFTimer
2017-12-12 11:28:04,618 INFO o.a.j.g.u.MenuFactory: Skipping org.apache.jmeter.visualizers.BSFListener
2017-12-12 11:28:04,771 INFO o.a.j.s.SampleResult: Note: Sample TimeStamps are START times
2017-12-12 11:28:04,771 INFO o.a.j.s.SampleResult: sampleresult.default.encoding is set to ISO-8859-1
2017-12-12 11:28:04,771 INFO o.a.j.s.SampleResult: sampleresult.useNanoTime=true
2017-12-12 11:28:04,772 INFO o.a.j.s.SampleResult: sampleresult.nanoThreadSleep=5000
2017-12-12 11:29:34,048 INFO o.a.j.g.a.Load: Loading file: C:\Users\mfayyadh\Desktop\iOS_CMX_New_MyDay\US\IOS_CMX_US.jmx
2017-12-12 11:29:34,048 INFO o.a.j.s.FileServer: Set new base='C:\Users\mfayyadh\Desktop\iOS_CMX_New_MyDay\US'
2017-12-12 11:29:34,230 INFO o.a.j.s.SaveService: Testplan (JMX) version: 2.2. Testlog (JTL) version: 2.2
2017-12-12 11:29:34,237 INFO o.a.j.s.SaveService: Using SaveService properties file encoding UTF-8
2017-12-12 11:29:34,238 INFO o.a.j.s.SaveService: Using SaveService properties version 3.2
2017-12-12 11:29:34,240 INFO o.a.j.s.SaveService: Loading file: C:\Users\mfayyadh\Desktop\iOS_CMX_New_MyDay\US\IOS_CMX_US.jmx
2017-12-12 11:29:34,434 INFO o.a.j.p.h.c.CookieManager: Settings: Delete null: true Check: true Allow variable: true Save: false Prefix: COOKIE_
2017-12-12 11:29:34,435 INFO o.a.j.p.h.c.CacheManager: Will only cache the following methods: [GET]
2017-12-12 11:29:36,682 INFO o.a.j.s.FileServer: Set new base='C:\Users\mfayyadh\Desktop\iOS_CMX_New_MyDay\US'
